[INFO] [2015-10-13 13:41:14][org.springframework.test.context.support.DefaultTestContextBootstrapper]Loaded default TestExecutionListener class names from location [META-INF/spring.factories]: [org.springframework.test.context.web.ServletTestExecutionListener, org.springframework.test.context.support.DirtiesContextBeforeModesTestExecutionListener, org.springframework.test.context.support.DependencyInjectionTestExecutionListener, org.springframework.test.context.support.DirtiesContextTestExecutionListener, org.springframework.test.context.transaction.TransactionalTestExecutionListener, org.springframework.test.context.jdbc.SqlScriptsTestExecutionListener]
  [INFO] [2015-10-13 13:41:14][org.springframework.test.context.support.DefaultTestContextBootstrapper]Using TestExecutionListeners: [org.springframework.test.context.web.ServletTestExecutionListener@13a57a3b, org.springframework.test.context.support.DirtiesContextBeforeModesTestExecutionListener@7ca48474, org.springframework.test.context.support.DependencyInjectionTestExecutionListener@337d0578, org.springframework.test.context.support.DirtiesContextTestExecutionListener@59e84876, org.springframework.test.context.transaction.TransactionalTestExecutionListener@61a485d2, org.springframework.test.context.jdbc.SqlScriptsTestExecutionListener@39fb3ab6]
  [INFO] [2015-10-13 13:41:14][org.springframework.beans.factory.xml.XmlBeanDefinitionReader]Loading XML bean definitions from class path resource [applicationContext.xml]
  [INFO] [2015-10-13 13:41:14][org.springframework.beans.factory.xml.XmlBeanDefinitionReader]Loading XML bean definitions from class path resource [springmvc-servlet.xml]
  [INFO] [2015-10-13 13:41:14][org.springframework.context.support.GenericApplicationContext]Refreshing org.springframework.context.support.GenericApplicationContext@4501b7af: startup date [Tue Oct 13 13:41:14 CST 2015]; root of context hierarchy
  [INFO] [2015-10-13 13:41:14][org.springframework.context.support.PropertySourcesPlaceholderConfigurer]Loading properties file from class path resource [jdbc.properties]
  [INFO] [2015-10-13 13:41:15][com.mchange.v2.log.MLog]MLog clients using slf4j logging.
  [INFO] [2015-10-13 13:41:15][com.mchange.v2.c3p0.C3P0Registry]Initializing c3p0-0.9.5.1 [built 16-June-2015 00:06:36 -0700; debug? true; trace: 10]
  [INFO] [2015-10-13 13:41:15][org.springframework.web.servlet.handler.SimpleUrlHandlerMapping]Mapped URL path [/**] onto handler 'org.springframework.web.servlet.resource.DefaultServletHttpRequestHandler#0'
  [INFO] [2015-10-13 13:41:15][org.springframework.web.servlet.mvc.method.annotation.RequestMappingHandlerMapping]Mapped "{[/register]}" onto public java.lang.String web.controller.Controller.toRegister()
  [INFO] [2015-10-13 13:41:15][org.springframework.web.servlet.mvc.method.annotation.RequestMappingHandlerAdapter]Looking for @ControllerAdvice: org.springframework.context.support.GenericApplicationContext@4501b7af: startup date [Tue Oct 13 13:41:14 CST 2015]; root of context hierarchy
  [INFO] [2015-10-13 13:41:15][org.springframework.web.servlet.mvc.method.annotation.RequestMappingHandlerAdapter]Looking for @ControllerAdvice: org.springframework.context.support.GenericApplicationContext@4501b7af: startup date [Tue Oct 13 13:41:14 CST 2015]; root of context hierarchy
  [INFO] [2015-10-13 13:41:15][org.springframework.context.support.ClassPathXmlApplicationContext]Refreshing org.springframework.context.support.ClassPathXmlApplicationContext@6f3187b0: startup date [Tue Oct 13 13:41:15 CST 2015]; root of context hierarchy
  [INFO] [2015-10-13 13:41:15][org.springframework.beans.factory.xml.XmlBeanDefinitionReader]Loading XML bean definitions from class path resource [applicationContext.xml]
  [INFO] [2015-10-13 13:41:15][org.springframework.beans.factory.xml.XmlBeanDefinitionReader]Loading XML bean definitions from class path resource [springmvc-servlet.xml]
  [INFO] [2015-10-13 13:41:15][org.springframework.context.support.PropertySourcesPlaceholderConfigurer]Loading properties file from class path resource [jdbc.properties]
  [INFO] [2015-10-13 13:41:16][org.springframework.web.servlet.handler.SimpleUrlHandlerMapping]Mapped URL path [/**] onto handler 'org.springframework.web.servlet.resource.DefaultServletHttpRequestHandler#0'
  [INFO] [2015-10-13 13:41:16][org.springframework.web.servlet.mvc.method.annotation.RequestMappingHandlerMapping]Mapped "{[/register]}" onto public java.lang.String web.controller.Controller.toRegister()
  [INFO] [2015-10-13 13:41:16][org.springframework.web.servlet.mvc.method.annotation.RequestMappingHandlerAdapter]Looking for @ControllerAdvice: org.springframework.context.support.ClassPathXmlApplicationContext@6f3187b0: startup date [Tue Oct 13 13:41:15 CST 2015]; root of context hierarchy
  [INFO] [2015-10-13 13:41:16][org.springframework.web.servlet.mvc.method.annotation.RequestMappingHandlerAdapter]Looking for @ControllerAdvice: org.springframework.context.support.ClassPathXmlApplicationContext@6f3187b0: startup date [Tue Oct 13 13:41:15 CST 2015]; root of context hierarchy
  [INFO] [2015-10-13 13:41:16][org.springframework.context.support.ClassPathXmlApplicationContext]Refreshing org.springframework.context.support.ClassPathXmlApplicationContext@26df6e3a: startup date [Tue Oct 13 13:41:16 CST 2015]; root of context hierarchy
  [INFO] [2015-10-13 13:41:16][org.springframework.beans.factory.xml.XmlBeanDefinitionReader]Loading XML bean definitions from class path resource [applicationContext.xml]
  [INFO] [2015-10-13 13:41:16][org.springframework.beans.factory.xml.XmlBeanDefinitionReader]Loading XML bean definitions from class path resource [springmvc-servlet.xml]
  [INFO] [2015-10-13 13:41:16][org.springframework.context.support.PropertySourcesPlaceholderConfigurer]Loading properties file from class path resource [jdbc.properties]
  [INFO] [2015-10-13 13:41:16][org.springframework.web.servlet.handler.SimpleUrlHandlerMapping]Mapped URL path [/**] onto handler 'org.springframework.web.servlet.resource.DefaultServletHttpRequestHandler#0'
  [INFO] [2015-10-13 13:41:16][org.springframework.web.servlet.mvc.method.annotation.RequestMappingHandlerMapping]Mapped "{[/register]}" onto public java.lang.String web.controller.Controller.toRegister()
  [INFO] [2015-10-13 13:41:16][org.springframework.web.servlet.mvc.method.annotation.RequestMappingHandlerAdapter]Looking for @ControllerAdvice: org.springframework.context.support.ClassPathXmlApplicationContext@26df6e3a: startup date [Tue Oct 13 13:41:16 CST 2015]; root of context hierarchy
  [INFO] [2015-10-13 13:41:16][org.springframework.web.servlet.mvc.method.annotation.RequestMappingHandlerAdapter]Looking for @ControllerAdvice: org.springframework.context.support.ClassPathXmlApplicationContext@26df6e3a: startup date [Tue Oct 13 13:41:16 CST 2015]; root of context hierarchy
  [INFO] [2015-10-13 13:41:16][service]test22
  [INFO] [2015-10-13 13:41:16][org.springframework.context.support.GenericApplicationContext]Closing org.springframework.context.support.GenericApplicationContext@4501b7af: startup date [Tue Oct 13 13:41:14 CST 2015]; root of context hierarchy
  [INFO] [2015-10-13 13:42:39][org.springframework.test.context.support.DefaultTestContextBootstrapper]Loaded default TestExecutionListener class names from location [META-INF/spring.factories]: [org.springframework.test.context.web.ServletTestExecutionListener, org.springframework.test.context.support.DirtiesContextBeforeModesTestExecutionListener, org.springframework.test.context.support.DependencyInjectionTestExecutionListener, org.springframework.test.context.support.DirtiesContextTestExecutionListener, org.springframework.test.context.transaction.TransactionalTestExecutionListener, org.springframework.test.context.jdbc.SqlScriptsTestExecutionListener]
  [INFO] [2015-10-13 13:42:39][org.springframework.test.context.support.DefaultTestContextBootstrapper]Using TestExecutionListeners: [org.springframework.test.context.web.ServletTestExecutionListener@13a57a3b, org.springframework.test.context.support.DirtiesContextBeforeModesTestExecutionListener@7ca48474, org.springframework.test.context.support.DependencyInjectionTestExecutionListener@337d0578, org.springframework.test.context.support.DirtiesContextTestExecutionListener@59e84876, org.springframework.test.context.transaction.TransactionalTestExecutionListener@61a485d2, org.springframework.test.context.jdbc.SqlScriptsTestExecutionListener@39fb3ab6]
  [INFO] [2015-10-13 13:42:39][org.springframework.beans.factory.xml.XmlBeanDefinitionReader]Loading XML bean definitions from class path resource [applicationContext.xml]
  [INFO] [2015-10-13 13:42:39][org.springframework.beans.factory.xml.XmlBeanDefinitionReader]Loading XML bean definitions from class path resource [springmvc-servlet.xml]
  [INFO] [2015-10-13 13:42:39][org.springframework.context.support.GenericApplicationContext]Refreshing org.springframework.context.support.GenericApplicationContext@4501b7af: startup date [Tue Oct 13 13:42:39 CST 2015]; root of context hierarchy
  [INFO] [2015-10-13 13:42:39][org.springframework.context.support.PropertySourcesPlaceholderConfigurer]Loading properties file from class path resource [jdbc.properties]
  [INFO] [2015-10-13 13:42:39][com.mchange.v2.log.MLog]MLog clients using slf4j logging.
  [INFO] [2015-10-13 13:42:39][com.mchange.v2.c3p0.C3P0Registry]Initializing c3p0-0.9.5.1 [built 16-June-2015 00:06:36 -0700; debug? true; trace: 10]
  [INFO] [2015-10-13 13:42:39][org.springframework.web.servlet.handler.SimpleUrlHandlerMapping]Mapped URL path [/**] onto handler 'org.springframework.web.servlet.resource.DefaultServletHttpRequestHandler#0'
  [INFO] [2015-10-13 13:42:40][org.springframework.web.servlet.mvc.method.annotation.RequestMappingHandlerMapping]Mapped "{[/register]}" onto public java.lang.String web.controller.Controller.toRegister()
  [INFO] [2015-10-13 13:42:40][org.springframework.web.servlet.mvc.method.annotation.RequestMappingHandlerAdapter]Looking for @ControllerAdvice: org.springframework.context.support.GenericApplicationContext@4501b7af: startup date [Tue Oct 13 13:42:39 CST 2015]; root of context hierarchy
  [INFO] [2015-10-13 13:42:40][org.springframework.web.servlet.mvc.method.annotation.RequestMappingHandlerAdapter]Looking for @ControllerAdvice: org.springframework.context.support.GenericApplicationContext@4501b7af: startup date [Tue Oct 13 13:42:39 CST 2015]; root of context hierarchy
  [INFO] [2015-10-13 13:42:40][org.springframework.context.support.ClassPathXmlApplicationContext]Refreshing org.springframework.context.support.ClassPathXmlApplicationContext@6f3187b0: startup date [Tue Oct 13 13:42:40 CST 2015]; root of context hierarchy
  [INFO] [2015-10-13 13:42:40][org.springframework.beans.factory.xml.XmlBeanDefinitionReader]Loading XML bean definitions from class path resource [applicationContext.xml]
  [INFO] [2015-10-13 13:42:40][org.springframework.beans.factory.xml.XmlBeanDefinitionReader]Loading XML bean definitions from class path resource [springmvc-servlet.xml]
  [INFO] [2015-10-13 13:42:40][org.springframework.context.support.PropertySourcesPlaceholderConfigurer]Loading properties file from class path resource [jdbc.properties]
  [INFO] [2015-10-13 13:42:40][org.springframework.web.servlet.handler.SimpleUrlHandlerMapping]Mapped URL path [/**] onto handler 'org.springframework.web.servlet.resource.DefaultServletHttpRequestHandler#0'
  [INFO] [2015-10-13 13:42:40][org.springframework.web.servlet.mvc.method.annotation.RequestMappingHandlerMapping]Mapped "{[/register]}" onto public java.lang.String web.controller.Controller.toRegister()
  [INFO] [2015-10-13 13:42:40][org.springframework.web.servlet.mvc.method.annotation.RequestMappingHandlerAdapter]Looking for @ControllerAdvice: org.springframework.context.support.ClassPathXmlApplicationContext@6f3187b0: startup date [Tue Oct 13 13:42:40 CST 2015]; root of context hierarchy
  [INFO] [2015-10-13 13:42:40][org.springframework.web.servlet.mvc.method.annotation.RequestMappingHandlerAdapter]Looking for @ControllerAdvice: org.springframework.context.support.ClassPathXmlApplicationContext@6f3187b0: startup date [Tue Oct 13 13:42:40 CST 2015]; root of context hierarchy
  [INFO] [2015-10-13 13:42:40][org.springframework.context.support.ClassPathXmlApplicationContext]Refreshing org.springframework.context.support.ClassPathXmlApplicationContext@26df6e3a: startup date [Tue Oct 13 13:42:40 CST 2015]; root of context hierarchy
  [INFO] [2015-10-13 13:42:40][org.springframework.beans.factory.xml.XmlBeanDefinitionReader]Loading XML bean definitions from class path resource [applicationContext.xml]
  [INFO] [2015-10-13 13:42:40][org.springframework.beans.factory.xml.XmlBeanDefinitionReader]Loading XML bean definitions from class path resource [springmvc-servlet.xml]
  [INFO] [2015-10-13 13:42:40][org.springframework.context.support.PropertySourcesPlaceholderConfigurer]Loading properties file from class path resource [jdbc.properties]
  [INFO] [2015-10-13 13:42:40][org.springframework.web.servlet.handler.SimpleUrlHandlerMapping]Mapped URL path [/**] onto handler 'org.springframework.web.servlet.resource.DefaultServletHttpRequestHandler#0'
  [INFO] [2015-10-13 13:42:40][org.springframework.web.servlet.mvc.method.annotation.RequestMappingHandlerMapping]Mapped "{[/register]}" onto public java.lang.String web.controller.Controller.toRegister()
  [INFO] [2015-10-13 13:42:40][org.springframework.web.servlet.mvc.method.annotation.RequestMappingHandlerAdapter]Looking for @ControllerAdvice: org.springframework.context.support.ClassPathXmlApplicationContext@26df6e3a: startup date [Tue Oct 13 13:42:40 CST 2015]; root of context hierarchy
  [INFO] [2015-10-13 13:42:40][org.springframework.web.servlet.mvc.method.annotation.RequestMappingHandlerAdapter]Looking for @ControllerAdvice: org.springframework.context.support.ClassPathXmlApplicationContext@26df6e3a: startup date [Tue Oct 13 13:42:40 CST 2015]; root of context hierarchy
  [INFO] [2015-10-13 13:42:40][service]test22
  [INFO] [2015-10-13 13:42:40][org.springframework.context.support.GenericApplicationContext]Closing org.springframework.context.support.GenericApplicationContext@4501b7af: startup date [Tue Oct 13 13:42:39 CST 2015]; root of context hierarchy
  [INFO] [2015-10-13 13:43:07][org.springframework.test.context.support.DefaultTestContextBootstrapper]Loaded default TestExecutionListener class names from location [META-INF/spring.factories]: [org.springframework.test.context.web.ServletTestExecutionListener, org.springframework.test.context.support.DirtiesContextBeforeModesTestExecutionListener, org.springframework.test.context.support.DependencyInjectionTestExecutionListener, org.springframework.test.context.support.DirtiesContextTestExecutionListener, org.springframework.test.context.transaction.TransactionalTestExecutionListener, org.springframework.test.context.jdbc.SqlScriptsTestExecutionListener]
  [INFO] [2015-10-13 13:43:07][org.springframework.test.context.support.DefaultTestContextBootstrapper]Using TestExecutionListeners: [org.springframework.test.context.web.ServletTestExecutionListener@13a57a3b, org.springframework.test.context.support.DirtiesContextBeforeModesTestExecutionListener@7ca48474, org.springframework.test.context.support.DependencyInjectionTestExecutionListener@337d0578, org.springframework.test.context.support.DirtiesContextTestExecutionListener@59e84876, org.springframework.test.context.transaction.TransactionalTestExecutionListener@61a485d2, org.springframework.test.context.jdbc.SqlScriptsTestExecutionListener@39fb3ab6]
  [INFO] [2015-10-13 13:43:07][org.springframework.beans.factory.xml.XmlBeanDefinitionReader]Loading XML bean definitions from class path resource [applicationContext.xml]
  [INFO] [2015-10-13 13:43:07][org.springframework.beans.factory.xml.XmlBeanDefinitionReader]Loading XML bean definitions from class path resource [springmvc-servlet.xml]
  [INFO] [2015-10-13 13:43:08][org.springframework.context.support.GenericApplicationContext]Refreshing org.springframework.context.support.GenericApplicationContext@4501b7af: startup date [Tue Oct 13 13:43:08 CST 2015]; root of context hierarchy
  [INFO] [2015-10-13 13:43:08][org.springframework.context.support.PropertySourcesPlaceholderConfigurer]Loading properties file from class path resource [jdbc.properties]
  [INFO] [2015-10-13 13:43:08][com.mchange.v2.log.MLog]MLog clients using slf4j logging.
  [INFO] [2015-10-13 13:43:08][com.mchange.v2.c3p0.C3P0Registry]Initializing c3p0-0.9.5.1 [built 16-June-2015 00:06:36 -0700; debug? true; trace: 10]
  [INFO] [2015-10-13 13:43:08][org.springframework.web.servlet.handler.SimpleUrlHandlerMapping]Mapped URL path [/**] onto handler 'org.springframework.web.servlet.resource.DefaultServletHttpRequestHandler#0'
  [INFO] [2015-10-13 13:43:08][org.springframework.web.servlet.mvc.method.annotation.RequestMappingHandlerMapping]Mapped "{[/register]}" onto public java.lang.String web.controller.Controller.toRegister()
  [INFO] [2015-10-13 13:43:08][org.springframework.web.servlet.mvc.method.annotation.RequestMappingHandlerAdapter]Looking for @ControllerAdvice: org.springframework.context.support.GenericApplicationContext@4501b7af: startup date [Tue Oct 13 13:43:08 CST 2015]; root of context hierarchy
  [INFO] [2015-10-13 13:43:08][org.springframework.web.servlet.mvc.method.annotation.RequestMappingHandlerAdapter]Looking for @ControllerAdvice: org.springframework.context.support.GenericApplicationContext@4501b7af: startup date [Tue Oct 13 13:43:08 CST 2015]; root of context hierarchy
  [INFO] [2015-10-13 13:43:08][org.springframework.context.support.ClassPathXmlApplicationContext]Refreshing org.springframework.context.support.ClassPathXmlApplicationContext@6f3187b0: startup date [Tue Oct 13 13:43:08 CST 2015]; root of context hierarchy
  [INFO] [2015-10-13 13:43:08][org.springframework.beans.factory.xml.XmlBeanDefinitionReader]Loading XML bean definitions from class path resource [applicationContext.xml]
  [INFO] [2015-10-13 13:43:08][org.springframework.beans.factory.xml.XmlBeanDefinitionReader]Loading XML bean definitions from class path resource [springmvc-servlet.xml]
  [INFO] [2015-10-13 13:43:09][org.springframework.context.support.PropertySourcesPlaceholderConfigurer]Loading properties file from class path resource [jdbc.properties]
  [INFO] [2015-10-13 13:43:09][org.springframework.web.servlet.handler.SimpleUrlHandlerMapping]Mapped URL path [/**] onto handler 'org.springframework.web.servlet.resource.DefaultServletHttpRequestHandler#0'
  [INFO] [2015-10-13 13:43:09][org.springframework.web.servlet.mvc.method.annotation.RequestMappingHandlerMapping]Mapped "{[/register]}" onto public java.lang.String web.controller.Controller.toRegister()
  [INFO] [2015-10-13 13:43:09][org.springframework.web.servlet.mvc.method.annotation.RequestMappingHandlerAdapter]Looking for @ControllerAdvice: org.springframework.context.support.ClassPathXmlApplicationContext@6f3187b0: startup date [Tue Oct 13 13:43:08 CST 2015]; root of context hierarchy
  [INFO] [2015-10-13 13:43:09][org.springframework.web.servlet.mvc.method.annotation.RequestMappingHandlerAdapter]Looking for @ControllerAdvice: org.springframework.context.support.ClassPathXmlApplicationContext@6f3187b0: startup date [Tue Oct 13 13:43:08 CST 2015]; root of context hierarchy
  [INFO] [2015-10-13 13:43:09][service]value:User [name=1, password=1's password]
  [INFO] [2015-10-13 13:43:09][org.springframework.context.support.ClassPathXmlApplicationContext]Refreshing org.springframework.context.support.ClassPathXmlApplicationContext@26df6e3a: startup date [Tue Oct 13 13:43:09 CST 2015]; root of context hierarchy
  [INFO] [2015-10-13 13:43:09][org.springframework.beans.factory.xml.XmlBeanDefinitionReader]Loading XML bean definitions from class path resource [applicationContext.xml]
  [INFO] [2015-10-13 13:43:09][org.springframework.beans.factory.xml.XmlBeanDefinitionReader]Loading XML bean definitions from class path resource [springmvc-servlet.xml]
  [INFO] [2015-10-13 13:43:09][org.springframework.context.support.PropertySourcesPlaceholderConfigurer]Loading properties file from class path resource [jdbc.properties]
  [INFO] [2015-10-13 13:43:09][org.springframework.web.servlet.handler.SimpleUrlHandlerMapping]Mapped URL path [/**] onto handler 'org.springframework.web.servlet.resource.DefaultServletHttpRequestHandler#0'
  [INFO] [2015-10-13 13:43:09][org.springframework.web.servlet.mvc.method.annotation.RequestMappingHandlerMapping]Mapped "{[/register]}" onto public java.lang.String web.controller.Controller.toRegister()
  [INFO] [2015-10-13 13:43:09][org.springframework.web.servlet.mvc.method.annotation.RequestMappingHandlerAdapter]Looking for @ControllerAdvice: org.springframework.context.support.ClassPathXmlApplicationContext@26df6e3a: startup date [Tue Oct 13 13:43:09 CST 2015]; root of context hierarchy
  [INFO] [2015-10-13 13:43:09][org.springframework.web.servlet.mvc.method.annotation.RequestMappingHandlerAdapter]Looking for @ControllerAdvice: org.springframework.context.support.ClassPathXmlApplicationContext@26df6e3a: startup date [Tue Oct 13 13:43:09 CST 2015]; root of context hierarchy
  [INFO] [2015-10-13 13:43:09][service]test22
  [INFO] [2015-10-13 13:43:09][org.springframework.context.support.GenericApplicationContext]Closing org.springframework.context.support.GenericApplicationContext@4501b7af: startup date [Tue Oct 13 13:43:08 CST 2015]; root of context hierarchy
  